{"uid":"675b949a8ab06bc7","name":"test_productManagement","fullName":"TestCases.test_03product.test_06product_management.TestProductManagement#test_productManagement","historyId":"4b5c857fac09d0e8838313d92220a061","time":{"start":1677052680246,"stop":1677052693342,"duration":13096},"status":"broken","statusMessage":"selenium.common.exceptions.TimeoutException: Message: \nStacktrace:\nBacktrace:\n\t(No symbol) [0x006937D3]\n\t(No symbol) [0x00628B81]\n\t(No symbol) [0x0052B36D]\n\t(No symbol) [0x0055D382]\n\t(No symbol) [0x0055D4BB]\n\t(No symbol) [0x00593302]\n\t(No symbol) [0x0057B464]\n\t(No symbol) [0x00591215]\n\t(No symbol) [0x0057B216]\n\t(No symbol) [0x00550D97]\n\t(No symbol) [0x0055253D]\n\tGetHandleVerifier [0x0090ABF2+2510930]\n\tGetHandleVerifier [0x00938EC1+2700065]\n\tGetHandleVerifier [0x0093C86C+2714828]\n\tGetHandleVerifier [0x00743480+645344]\n\t(No symbol) [0x00630FD2]\n\t(No symbol) [0x00636C68]\n\t(No symbol) [0x00636D4B]\n\t(No symbol) [0x00640D6B]\n\tBaseThreadInitThunk [0x768F6BD9+25]\n\tRtlGetFullPathName_UEx [0x77148FD2+1218]\n\tRtlGetFullPathName_UEx [0x77148F9D+1165]","statusTrace":"self = <TestCases.test_03product.test_06product_management.TestProductManagement object at 0x000001BFBD9A2E20>\naccess_web = <seleniumwire.webdriver.Chrome (session=\"07a50c3a1b0a07b856956a4c17feb95c\")>\n\n    def test_productManagement(self, access_web):\n>       productManagementBS(access_web).productManagementSelect()\n\nTestCases\\test_03product\\test_06product_management.py:6: \n_ _ _ _ _ _ _ _ _ _ _ _ _ _ _ _ _ _ _ _ _ _ _ _ _ _ _ _ _ _ _ _ _ _ _ _ _ _ _ _\nPageObjects\\product_cen\\product_management_cen_bs.py:16: in productManagementSelect\n    self.click(productManagement.shop_sku, doc='查询条件->渠道sku')\nbase\\base.py:163: in click\n    self.wait_elevisible(loc, timeout, frequency, doc)\nbase\\base.py:46: in wait_elevisible\n    WebDriverWait(self.driver, timeout, frequency).until(EC.visibility_of_element_located(loc))\n_ _ _ _ _ _ _ _ _ _ _ _ _ _ _ _ _ _ _ _ _ _ _ _ _ _ _ _ _ _ _ _ _ _ _ _ _ _ _ _\n\nself = <selenium.webdriver.support.wait.WebDriverWait (session=\"07a50c3a1b0a07b856956a4c17feb95c\")>\nmethod = <function visibility_of_element_located.<locals>._predicate at 0x000001BFBF797E50>\nmessage = ''\n\n    def until(self, method, message=''):\n        \"\"\"Calls the method provided with the driver as an argument until the \\\n        return value does not evaluate to ``False``.\n    \n        :param method: callable(WebDriver)\n        :param message: optional message for :exc:`TimeoutException`\n        :returns: the result of the last call to `method`\n        :raises: :exc:`selenium.common.exceptions.TimeoutException` if timeout occurs\n        \"\"\"\n        screen = None\n        stacktrace = None\n    \n        end_time = time.monotonic() + self._timeout\n        while True:\n            try:\n                value = method(self._driver)\n                if value:\n                    return value\n            except InvalidSelectorException as e:\n                raise e\n            except self._ignored_exceptions as exc:\n                screen = getattr(exc, 'screen', None)\n                stacktrace = getattr(exc, 'stacktrace', None)\n            time.sleep(self._poll)\n            if time.monotonic() > end_time:\n                break\n>       raise TimeoutException(message, screen, stacktrace)\nE       selenium.common.exceptions.TimeoutException: Message: \nE       Stacktrace:\nE       Backtrace:\nE       \t(No symbol) [0x006937D3]\nE       \t(No symbol) [0x00628B81]\nE       \t(No symbol) [0x0052B36D]\nE       \t(No symbol) [0x0055D382]\nE       \t(No symbol) [0x0055D4BB]\nE       \t(No symbol) [0x00593302]\nE       \t(No symbol) [0x0057B464]\nE       \t(No symbol) [0x00591215]\nE       \t(No symbol) [0x0057B216]\nE       \t(No symbol) [0x00550D97]\nE       \t(No symbol) [0x0055253D]\nE       \tGetHandleVerifier [0x0090ABF2+2510930]\nE       \tGetHandleVerifier [0x00938EC1+2700065]\nE       \tGetHandleVerifier [0x0093C86C+2714828]\nE       \tGetHandleVerifier [0x00743480+645344]\nE       \t(No symbol) [0x00630FD2]\nE       \t(No symbol) [0x00636C68]\nE       \t(No symbol) [0x00636D4B]\nE       \t(No symbol) [0x00640D6B]\nE       \tBaseThreadInitThunk [0x768F6BD9+25]\nE       \tRtlGetFullPathName_UEx [0x77148FD2+1218]\nE       \tRtlGetFullPathName_UEx [0x77148F9D+1165]\n\nD:\\install\\lib\\site-packages\\selenium\\webdriver\\support\\wait.py:89: TimeoutException","flaky":false,"newFailed":false,"newBroken":false,"newPassed":false,"retriesCount":0,"retriesStatusChange":false,"beforeStages":[{"name":"access_web","time":{"start":1677052462641,"stop":1677052467938,"duration":5297},"status":"passed","steps":[],"attachments":[],"parameters":[],"shouldDisplayMessage":false,"attachmentsCount":0,"hasContent":false,"stepsCount":0}],"testStage":{"status":"broken","statusMessage":"selenium.common.exceptions.TimeoutException: Message: \nStacktrace:\nBacktrace:\n\t(No symbol) [0x006937D3]\n\t(No symbol) [0x00628B81]\n\t(No symbol) [0x0052B36D]\n\t(No symbol) [0x0055D382]\n\t(No symbol) [0x0055D4BB]\n\t(No symbol) [0x00593302]\n\t(No symbol) [0x0057B464]\n\t(No symbol) [0x00591215]\n\t(No symbol) [0x0057B216]\n\t(No symbol) [0x00550D97]\n\t(No symbol) [0x0055253D]\n\tGetHandleVerifier [0x0090ABF2+2510930]\n\tGetHandleVerifier [0x00938EC1+2700065]\n\tGetHandleVerifier [0x0093C86C+2714828]\n\tGetHandleVerifier [0x00743480+645344]\n\t(No symbol) [0x00630FD2]\n\t(No symbol) [0x00636C68]\n\t(No symbol) [0x00636D4B]\n\t(No symbol) [0x00640D6B]\n\tBaseThreadInitThunk [0x768F6BD9+25]\n\tRtlGetFullPathName_UEx [0x77148FD2+1218]\n\tRtlGetFullPathName_UEx [0x77148F9D+1165]","statusTrace":"self = <TestCases.test_03product.test_06product_management.TestProductManagement object at 0x000001BFBD9A2E20>\naccess_web = <seleniumwire.webdriver.Chrome (session=\"07a50c3a1b0a07b856956a4c17feb95c\")>\n\n    def test_productManagement(self, access_web):\n>       productManagementBS(access_web).productManagementSelect()\n\nTestCases\\test_03product\\test_06product_management.py:6: \n_ _ _ _ _ _ _ _ _ _ _ _ _ _ _ _ _ _ _ _ _ _ _ _ _ _ _ _ _ _ _ _ _ _ _ _ _ _ _ _\nPageObjects\\product_cen\\product_management_cen_bs.py:16: in productManagementSelect\n    self.click(productManagement.shop_sku, doc='查询条件->渠道sku')\nbase\\base.py:163: in click\n    self.wait_elevisible(loc, timeout, frequency, doc)\nbase\\base.py:46: in wait_elevisible\n    WebDriverWait(self.driver, timeout, frequency).until(EC.visibility_of_element_located(loc))\n_ _ _ _ _ _ _ _ _ _ _ _ _ _ _ _ _ _ _ _ _ _ _ _ _ _ _ _ _ _ _ _ _ _ _ _ _ _ _ _\n\nself = <selenium.webdriver.support.wait.WebDriverWait (session=\"07a50c3a1b0a07b856956a4c17feb95c\")>\nmethod = <function visibility_of_element_located.<locals>._predicate at 0x000001BFBF797E50>\nmessage = ''\n\n    def until(self, method, message=''):\n        \"\"\"Calls the method provided with the driver as an argument until the \\\n        return value does not evaluate to ``False``.\n    \n        :param method: callable(WebDriver)\n        :param message: optional message for :exc:`TimeoutException`\n        :returns: the result of the last call to `method`\n        :raises: :exc:`selenium.common.exceptions.TimeoutException` if timeout occurs\n        \"\"\"\n        screen = None\n        stacktrace = None\n    \n        end_time = time.monotonic() + self._timeout\n        while True:\n            try:\n                value = method(self._driver)\n                if value:\n                    return value\n            except InvalidSelectorException as e:\n                raise e\n            except self._ignored_exceptions as exc:\n                screen = getattr(exc, 'screen', None)\n                stacktrace = getattr(exc, 'stacktrace', None)\n            time.sleep(self._poll)\n            if time.monotonic() > end_time:\n                break\n>       raise TimeoutException(message, screen, stacktrace)\nE       selenium.common.exceptions.TimeoutException: Message: \nE       Stacktrace:\nE       Backtrace:\nE       \t(No symbol) [0x006937D3]\nE       \t(No symbol) [0x00628B81]\nE       \t(No symbol) [0x0052B36D]\nE       \t(No symbol) [0x0055D382]\nE       \t(No symbol) [0x0055D4BB]\nE       \t(No symbol) [0x00593302]\nE       \t(No symbol) [0x0057B464]\nE       \t(No symbol) [0x00591215]\nE       \t(No symbol) [0x0057B216]\nE       \t(No symbol) [0x00550D97]\nE       \t(No symbol) [0x0055253D]\nE       \tGetHandleVerifier [0x0090ABF2+2510930]\nE       \tGetHandleVerifier [0x00938EC1+2700065]\nE       \tGetHandleVerifier [0x0093C86C+2714828]\nE       \tGetHandleVerifier [0x00743480+645344]\nE       \t(No symbol) [0x00630FD2]\nE       \t(No symbol) [0x00636C68]\nE       \t(No symbol) [0x00636D4B]\nE       \t(No symbol) [0x00640D6B]\nE       \tBaseThreadInitThunk [0x768F6BD9+25]\nE       \tRtlGetFullPathName_UEx [0x77148FD2+1218]\nE       \tRtlGetFullPathName_UEx [0x77148F9D+1165]\n\nD:\\install\\lib\\site-packages\\selenium\\webdriver\\support\\wait.py:89: TimeoutException","steps":[],"attachments":[{"uid":"e69ab2ca749798f0","name":"等待('xpath', '/html/body/div[2]/div[11]/div/div/div[1]/ul/li[6]/span')元素可见超时","source":"e69ab2ca749798f0.png","type":"image/png","size":141525},{"uid":"f638cfd7c5944b42","name":"异常截图","source":"f638cfd7c5944b42.png","type":"image/png","size":141525}],"parameters":[],"shouldDisplayMessage":true,"attachmentsCount":2,"hasContent":true,"stepsCount":0},"afterStages":[{"name":"access_web::0","time":{"start":1677052693603,"stop":1677052696003,"duration":2400},"status":"passed","steps":[],"attachments":[],"parameters":[],"shouldDisplayMessage":false,"attachmentsCount":0,"hasContent":false,"stepsCount":0}],"labels":[{"name":"parentSuite","value":"TestCases.test_03product"},{"name":"suite","value":"test_06product_management"},{"name":"subSuite","value":"TestProductManagement"},{"name":"host","value":"廖章明"},{"name":"thread","value":"207156-MainThread"},{"name":"framework","value":"pytest"},{"name":"language","value":"cpython3"},{"name":"package","value":"TestCases.test_03product.test_06product_management"},{"name":"resultFormat","value":"allure2"}],"parameters":[],"links":[],"hidden":false,"retry":false,"extra":{"severity":"normal","retries":[],"categories":[{"name":"Test defects","matchedStatuses":[],"flaky":false}],"tags":[]},"source":"675b949a8ab06bc7.json","parameterValues":[]}